<?xml version="1.0" encoding="UTF-8"?>
<!-- Generated by org.testng.reporters.JUnitXMLReporter -->
<testsuite ignored="0" hostname="Lokesh" failures="0" tests="14" name="Surefire test" time="42.065" errors="0" timestamp="2024-10-13T13:15:16 IST">
  <testcase classname="com.tutorialsninja.qa.testcases.LoginTest" name="VerifyLoginWithValidCredentials" time="0.627"/>
  <testcase classname="com.tutorialsninja.qa.testcases.LoginTest" name="VerifyLoginWithValidCredentials" time="0.705"/>
  <testcase classname="com.tutorialsninja.qa.testcases.LoginTest" name="VerifyLoginWithValidCredentials" time="0.708"/>
  <testcase classname="com.tutorialsninja.qa.testcases.LoginTest" name="VerifyLoginWithInValidCredentials" time="0.644"/>
  <testcase classname="com.tutorialsninja.qa.testcases.LoginTest" name="VerifyLoginWithInvalidEmailandValidPassword" time="0.63"/>
  <testcase classname="com.tutorialsninja.qa.testcases.LoginTest" name="VerifyLoginWithValidEmailandInValidPassword" time="0.766"/>
  <testcase classname="com.tutorialsninja.qa.testcases.LoginTest" name="VerifyLoginWithInvalidCredentials" time="2.449"/>
  <testcase classname="com.tutorialsninja.qa.testcases.RegisterTest" name="verifyRegisteringAnAccountWithMandatoryFields" time="1.102"/>
  <testcase classname="com.tutorialsninja.qa.testcases.RegisterTest" name="verifyRegisteringAccountProvidingAllFields" time="2.745"/>
  <testcase classname="com.tutorialsninja.qa.testcases.RegisterTest" name="verifyRegisteringAccountProvidingExistingEmailaddress" time="0.815"/>
  <testcase classname="com.tutorialsninja.qa.testcases.RegisterTest" name="verifyRegisteringAccountWithoutFillingAnyDetails" time="0.48"/>
  <testcase classname="com.tutorialsninja.qa.testcases.SearchTest" name="verifySearchWithValidProduct" time="0.499"/>
  <testcase classname="com.tutorialsninja.qa.testcases.SearchTest" name="verifySearchWithInValidProduct" time="0.378"/>
  <testcase classname="com.tutorialsninja.qa.testcases.SearchTest" name="verifySearchWithoutAnyProduct" time="0.273"/>
</testsuite> <!-- Surefire test -->
