<?xml version="1.0" encoding="UTF-8"?>
<testng-results ignored="0" total="14" passed="14" failed="0" skipped="0">
  <reporter-output>
  </reporter-output>
  <suite started-at="2024-10-13T17:08:03 IST" name="Tutorials Ninja Automation Suite" finished-at="2024-10-13T17:08:46 IST" duration-ms="43275">
    <groups>
    </groups>
    <test started-at="2024-10-13T17:08:03 IST" name="TutorialsNinja Tests" finished-at="2024-10-13T17:08:46 IST" duration-ms="43275">
      <class name="com.tutorialsninja.qa.testcases.RegisterTest">
        <test-method is-config="true" signature="setup()[pri:0, instance:com.tutorialsninja.qa.testcases.RegisterTest@7b9a4292]" started-at="2024-10-13T17:08:03 IST" name="setup" finished-at="2024-10-13T17:08:06 IST" duration-ms="2693" status="PASS">
          <reporter-output>
          </reporter-output>
        </test-method> <!-- setup -->
        <test-method signature="verifyRegisteringAnAccountWithMandatoryFields()[pri:1, instance:com.tutorialsninja.qa.testcases.RegisterTest@7b9a4292]" started-at="2024-10-13T17:08:06 IST" name="verifyRegisteringAnAccountWithMandatoryFields" finished-at="2024-10-13T17:08:07 IST" duration-ms="1192" status="PASS">
          <reporter-output>
          </reporter-output>
        </test-method> <!-- verifyRegisteringAnAccountWithMandatoryFields -->
        <test-method is-config="true" signature="teardown()[pri:0, instance:com.tutorialsninja.qa.testcases.RegisterTest@7b9a4292]" started-at="2024-10-13T17:08:07 IST" name="teardown" finished-at="2024-10-13T17:08:07 IST" duration-ms="130" status="PASS">
          <reporter-output>
          </reporter-output>
        </test-method> <!-- teardown -->
        <test-method is-config="true" signature="setup()[pri:0, instance:com.tutorialsninja.qa.testcases.RegisterTest@7b9a4292]" started-at="2024-10-13T17:08:07 IST" name="setup" finished-at="2024-10-13T17:08:10 IST" duration-ms="2320" status="PASS">
          <reporter-output>
          </reporter-output>
        </test-method> <!-- setup -->
        <test-method signature="verifyRegisteringAccountProvidingAllFields()[pri:2, instance:com.tutorialsninja.qa.testcases.RegisterTest@7b9a4292]" started-at="2024-10-13T17:08:10 IST" name="verifyRegisteringAccountProvidingAllFields" finished-at="2024-10-13T17:08:11 IST" duration-ms="1150" status="PASS">
          <reporter-output>
          </reporter-output>
        </test-method> <!-- verifyRegisteringAccountProvidingAllFields -->
        <test-method is-config="true" signature="teardown()[pri:0, instance:com.tutorialsninja.qa.testcases.RegisterTest@7b9a4292]" started-at="2024-10-13T17:08:11 IST" name="teardown" finished-at="2024-10-13T17:08:11 IST" duration-ms="144" status="PASS">
          <reporter-output>
          </reporter-output>
        </test-method> <!-- teardown -->
        <test-method is-config="true" signature="setup()[pri:0, instance:com.tutorialsninja.qa.testcases.RegisterTest@7b9a4292]" started-at="2024-10-13T17:08:11 IST" name="setup" finished-at="2024-10-13T17:08:13 IST" duration-ms="2048" status="PASS">
          <reporter-output>
          </reporter-output>
        </test-method> <!-- setup -->
        <test-method signature="verifyRegisteringAccountProvidingExistingEmailaddress()[pri:3, instance:com.tutorialsninja.qa.testcases.RegisterTest@7b9a4292]" started-at="2024-10-13T17:08:13 IST" name="verifyRegisteringAccountProvidingExistingEmailaddress" finished-at="2024-10-13T17:08:14 IST" duration-ms="892" status="PASS">
          <reporter-output>
          </reporter-output>
        </test-method> <!-- verifyRegisteringAccountProvidingExistingEmailaddress -->
        <test-method is-config="true" signature="teardown()[pri:0, instance:com.tutorialsninja.qa.testcases.RegisterTest@7b9a4292]" started-at="2024-10-13T17:08:14 IST" name="teardown" finished-at="2024-10-13T17:08:14 IST" duration-ms="152" status="PASS">
          <reporter-output>
          </reporter-output>
        </test-method> <!-- teardown -->
        <test-method is-config="true" signature="setup()[pri:0, instance:com.tutorialsninja.qa.testcases.RegisterTest@7b9a4292]" started-at="2024-10-13T17:08:14 IST" name="setup" finished-at="2024-10-13T17:08:16 IST" duration-ms="1843" status="PASS">
          <reporter-output>
          </reporter-output>
        </test-method> <!-- setup -->
        <test-method signature="verifyRegisteringAccountWithoutFillingAnyDetails()[pri:4, instance:com.tutorialsninja.qa.testcases.RegisterTest@7b9a4292]" started-at="2024-10-13T17:08:16 IST" name="verifyRegisteringAccountWithoutFillingAnyDetails" finished-at="2024-10-13T17:08:16 IST" duration-ms="503" status="PASS">
          <reporter-output>
          </reporter-output>
        </test-method> <!-- verifyRegisteringAccountWithoutFillingAnyDetails -->
        <test-method is-config="true" signature="teardown()[pri:0, instance:com.tutorialsninja.qa.testcases.RegisterTest@7b9a4292]" started-at="2024-10-13T17:08:16 IST" name="teardown" finished-at="2024-10-13T17:08:16 IST" duration-ms="138" status="PASS">
          <reporter-output>
          </reporter-output>
        </test-method> <!-- teardown -->
      </class> <!-- com.tutorialsninja.qa.testcases.RegisterTest -->
      <class name="com.tutorialsninja.qa.testcases.SearchTest">
        <test-method is-config="true" signature="setup()[pri:0, instance:com.tutorialsninja.qa.testcases.SearchTest@49139829]" started-at="2024-10-13T17:08:40 IST" name="setup" finished-at="2024-10-13T17:08:42 IST" duration-ms="1757" status="PASS">
          <reporter-output>
          </reporter-output>
        </test-method> <!-- setup -->
        <test-method signature="verifySearchWithValidProduct()[pri:1, instance:com.tutorialsninja.qa.testcases.SearchTest@49139829]" started-at="2024-10-13T17:08:42 IST" name="verifySearchWithValidProduct" finished-at="2024-10-13T17:08:42 IST" duration-ms="341" status="PASS">
          <reporter-output>
          </reporter-output>
        </test-method> <!-- verifySearchWithValidProduct -->
        <test-method is-config="true" signature="teardown()[pri:0, instance:com.tutorialsninja.qa.testcases.SearchTest@49139829]" started-at="2024-10-13T17:08:42 IST" name="teardown" finished-at="2024-10-13T17:08:42 IST" duration-ms="157" status="PASS">
          <reporter-output>
          </reporter-output>
        </test-method> <!-- teardown -->
        <test-method is-config="true" signature="setup()[pri:0, instance:com.tutorialsninja.qa.testcases.SearchTest@49139829]" started-at="2024-10-13T17:08:42 IST" name="setup" finished-at="2024-10-13T17:08:44 IST" duration-ms="1573" status="PASS">
          <reporter-output>
          </reporter-output>
        </test-method> <!-- setup -->
        <test-method signature="verifySearchWithInValidProduct()[pri:2, instance:com.tutorialsninja.qa.testcases.SearchTest@49139829]" started-at="2024-10-13T17:08:44 IST" name="verifySearchWithInValidProduct" finished-at="2024-10-13T17:08:44 IST" duration-ms="296" status="PASS">
          <reporter-output>
          </reporter-output>
        </test-method> <!-- verifySearchWithInValidProduct -->
        <test-method is-config="true" signature="teardown()[pri:0, instance:com.tutorialsninja.qa.testcases.SearchTest@49139829]" started-at="2024-10-13T17:08:44 IST" name="teardown" finished-at="2024-10-13T17:08:44 IST" duration-ms="125" status="PASS">
          <reporter-output>
          </reporter-output>
        </test-method> <!-- teardown -->
        <test-method is-config="true" signature="setup()[pri:0, instance:com.tutorialsninja.qa.testcases.SearchTest@49139829]" started-at="2024-10-13T17:08:44 IST" name="setup" finished-at="2024-10-13T17:08:46 IST" duration-ms="1937" status="PASS">
          <reporter-output>
          </reporter-output>
        </test-method> <!-- setup -->
        <test-method signature="verifySearchWithoutAnyProduct()[pri:3, instance:com.tutorialsninja.qa.testcases.SearchTest@49139829]" started-at="2024-10-13T17:08:46 IST" name="verifySearchWithoutAnyProduct" finished-at="2024-10-13T17:08:46 IST" duration-ms="234" status="PASS">
          <reporter-output>
          </reporter-output>
        </test-method> <!-- verifySearchWithoutAnyProduct -->
        <test-method is-config="true" signature="teardown()[pri:0, instance:com.tutorialsninja.qa.testcases.SearchTest@49139829]" started-at="2024-10-13T17:08:46 IST" name="teardown" finished-at="2024-10-13T17:08:46 IST" duration-ms="135" status="PASS">
          <reporter-output>
          </reporter-output>
        </test-method> <!-- teardown -->
      </class> <!-- com.tutorialsninja.qa.testcases.SearchTest -->
      <class name="com.tutorialsninja.qa.testcases.LoginTest">
        <test-method is-config="true" signature="setup()[pri:0, instance:com.tutorialsninja.qa.testcases.LoginTest@223191a6]" started-at="2024-10-13T17:08:18 IST" name="setup" finished-at="2024-10-13T17:08:19 IST" duration-ms="1822" status="PASS">
          <reporter-output>
          </reporter-output>
        </test-method> <!-- setup -->
        <test-method signature="VerifyLoginWithValidCredentials(java.lang.String,java.lang.String)[pri:1, instance:com.tutorialsninja.qa.testcases.LoginTest@223191a6]" started-at="2024-10-13T17:08:19 IST" name="VerifyLoginWithValidCredentials" data-provider="ValidCredentailsSupplier" finished-at="2024-10-13T17:08:20 IST" duration-ms="741" status="PASS">
          <params>
            <param index="0">
              <value>
                <![CDATA[lokeshgupta261@gmail.com]]>
              </value>
            </param>
            <param index="1">
              <value>
                <![CDATA[12345]]>
              </value>
            </param>
          </params>
          <reporter-output>
          </reporter-output>
        </test-method> <!-- VerifyLoginWithValidCredentials -->
        <test-method is-config="true" signature="tearDown()[pri:0, instance:com.tutorialsninja.qa.testcases.LoginTest@223191a6]" started-at="2024-10-13T17:08:20 IST" name="tearDown" finished-at="2024-10-13T17:08:20 IST" duration-ms="141" status="PASS">
          <reporter-output>
          </reporter-output>
        </test-method> <!-- tearDown -->
        <test-method is-config="true" signature="setup()[pri:0, instance:com.tutorialsninja.qa.testcases.LoginTest@223191a6]" started-at="2024-10-13T17:08:20 IST" name="setup" finished-at="2024-10-13T17:08:23 IST" duration-ms="2319" status="PASS">
          <reporter-output>
          </reporter-output>
        </test-method> <!-- setup -->
        <test-method signature="VerifyLoginWithValidCredentials(java.lang.String,java.lang.String)[pri:1, instance:com.tutorialsninja.qa.testcases.LoginTest@223191a6]" started-at="2024-10-13T17:08:23 IST" name="VerifyLoginWithValidCredentials" data-provider="ValidCredentailsSupplier" finished-at="2024-10-13T17:08:23 IST" duration-ms="707" status="PASS">
          <params>
            <param index="0">
              <value>
                <![CDATA[lokeshgupta361@gmail.com]]>
              </value>
            </param>
            <param index="1">
              <value>
                <![CDATA[12345]]>
              </value>
            </param>
          </params>
          <reporter-output>
          </reporter-output>
        </test-method> <!-- VerifyLoginWithValidCredentials -->
        <test-method is-config="true" signature="tearDown()[pri:0, instance:com.tutorialsninja.qa.testcases.LoginTest@223191a6]" started-at="2024-10-13T17:08:23 IST" name="tearDown" finished-at="2024-10-13T17:08:23 IST" duration-ms="155" status="PASS">
          <reporter-output>
          </reporter-output>
        </test-method> <!-- tearDown -->
        <test-method is-config="true" signature="setup()[pri:0, instance:com.tutorialsninja.qa.testcases.LoginTest@223191a6]" started-at="2024-10-13T17:08:23 IST" name="setup" finished-at="2024-10-13T17:08:25 IST" duration-ms="1863" status="PASS">
          <reporter-output>
          </reporter-output>
        </test-method> <!-- setup -->
        <test-method signature="VerifyLoginWithValidCredentials(java.lang.String,java.lang.String)[pri:1, instance:com.tutorialsninja.qa.testcases.LoginTest@223191a6]" started-at="2024-10-13T17:08:25 IST" name="VerifyLoginWithValidCredentials" data-provider="ValidCredentailsSupplier" finished-at="2024-10-13T17:08:26 IST" duration-ms="725" status="PASS">
          <params>
            <param index="0">
              <value>
                <![CDATA[lokeshgupta461@gmail.com]]>
              </value>
            </param>
            <param index="1">
              <value>
                <![CDATA[123456]]>
              </value>
            </param>
          </params>
          <reporter-output>
          </reporter-output>
        </test-method> <!-- VerifyLoginWithValidCredentials -->
        <test-method is-config="true" signature="tearDown()[pri:0, instance:com.tutorialsninja.qa.testcases.LoginTest@223191a6]" started-at="2024-10-13T17:08:26 IST" name="tearDown" finished-at="2024-10-13T17:08:26 IST" duration-ms="152" status="PASS">
          <reporter-output>
          </reporter-output>
        </test-method> <!-- tearDown -->
        <test-method is-config="true" signature="setup()[pri:0, instance:com.tutorialsninja.qa.testcases.LoginTest@223191a6]" started-at="2024-10-13T17:08:26 IST" name="setup" finished-at="2024-10-13T17:08:29 IST" duration-ms="2579" status="PASS">
          <reporter-output>
          </reporter-output>
        </test-method> <!-- setup -->
        <test-method signature="VerifyLoginWithInValidCredentials()[pri:2, instance:com.tutorialsninja.qa.testcases.LoginTest@223191a6]" started-at="2024-10-13T17:08:29 IST" name="VerifyLoginWithInValidCredentials" finished-at="2024-10-13T17:08:29 IST" duration-ms="699" status="PASS">
          <reporter-output>
          </reporter-output>
        </test-method> <!-- VerifyLoginWithInValidCredentials -->
        <test-method is-config="true" signature="tearDown()[pri:0, instance:com.tutorialsninja.qa.testcases.LoginTest@223191a6]" started-at="2024-10-13T17:08:29 IST" name="tearDown" finished-at="2024-10-13T17:08:30 IST" duration-ms="163" status="PASS">
          <reporter-output>
          </reporter-output>
        </test-method> <!-- tearDown -->
        <test-method is-config="true" signature="setup()[pri:0, instance:com.tutorialsninja.qa.testcases.LoginTest@223191a6]" started-at="2024-10-13T17:08:30 IST" name="setup" finished-at="2024-10-13T17:08:32 IST" duration-ms="1973" status="PASS">
          <reporter-output>
          </reporter-output>
        </test-method> <!-- setup -->
        <test-method signature="VerifyLoginWithInvalidEmailandValidPassword()[pri:3, instance:com.tutorialsninja.qa.testcases.LoginTest@223191a6]" started-at="2024-10-13T17:08:32 IST" name="VerifyLoginWithInvalidEmailandValidPassword" finished-at="2024-10-13T17:08:32 IST" duration-ms="649" status="PASS">
          <reporter-output>
          </reporter-output>
        </test-method> <!-- VerifyLoginWithInvalidEmailandValidPassword -->
        <test-method is-config="true" signature="tearDown()[pri:0, instance:com.tutorialsninja.qa.testcases.LoginTest@223191a6]" started-at="2024-10-13T17:08:32 IST" name="tearDown" finished-at="2024-10-13T17:08:32 IST" duration-ms="129" status="PASS">
          <reporter-output>
          </reporter-output>
        </test-method> <!-- tearDown -->
        <test-method is-config="true" signature="setup()[pri:0, instance:com.tutorialsninja.qa.testcases.LoginTest@223191a6]" started-at="2024-10-13T17:08:32 IST" name="setup" finished-at="2024-10-13T17:08:34 IST" duration-ms="1969" status="PASS">
          <reporter-output>
          </reporter-output>
        </test-method> <!-- setup -->
        <test-method signature="VerifyLoginWithValidEmailandInValidPassword()[pri:4, instance:com.tutorialsninja.qa.testcases.LoginTest@223191a6]" started-at="2024-10-13T17:08:34 IST" name="VerifyLoginWithValidEmailandInValidPassword" finished-at="2024-10-13T17:08:35 IST" duration-ms="580" status="PASS">
          <reporter-output>
          </reporter-output>
        </test-method> <!-- VerifyLoginWithValidEmailandInValidPassword -->
        <test-method is-config="true" signature="tearDown()[pri:0, instance:com.tutorialsninja.qa.testcases.LoginTest@223191a6]" started-at="2024-10-13T17:08:35 IST" name="tearDown" finished-at="2024-10-13T17:08:35 IST" duration-ms="134" status="PASS">
          <reporter-output>
          </reporter-output>
        </test-method> <!-- tearDown -->
        <test-method is-config="true" signature="setup()[pri:0, instance:com.tutorialsninja.qa.testcases.LoginTest@223191a6]" started-at="2024-10-13T17:08:35 IST" name="setup" finished-at="2024-10-13T17:08:37 IST" duration-ms="2032" status="PASS">
          <reporter-output>
          </reporter-output>
        </test-method> <!-- setup -->
        <test-method signature="VerifyLoginWithInvalidCredentials()[pri:5, instance:com.tutorialsninja.qa.testcases.LoginTest@223191a6]" started-at="2024-10-13T17:08:37 IST" name="VerifyLoginWithInvalidCredentials" finished-at="2024-10-13T17:08:40 IST" duration-ms="2528" status="PASS">
          <reporter-output>
          </reporter-output>
        </test-method> <!-- VerifyLoginWithInvalidCredentials -->
        <test-method is-config="true" signature="tearDown()[pri:0, instance:com.tutorialsninja.qa.testcases.LoginTest@223191a6]" started-at="2024-10-13T17:08:40 IST" name="tearDown" finished-at="2024-10-13T17:08:40 IST" duration-ms="167" status="PASS">
          <reporter-output>
          </reporter-output>
        </test-method> <!-- tearDown -->
      </class> <!-- com.tutorialsninja.qa.testcases.LoginTest -->
    </test> <!-- TutorialsNinja Tests -->
  </suite> <!-- Tutorials Ninja Automation Suite -->
</testng-results>
